<?xml version="1.0" encoding="UTF-8"?>
<!-- Generated by org.testng.reporters.JUnitXMLReporter -->
<testsuite ignored="3" hostname="DESKTOP-CANTE29" failures="0" tests="1" name="Default test" time="14.972" errors="0" timestamp="2022-03-08T10:17:30 EST">
  <testcase classname="test_cases.SmokeTest" name="signup" time="9.288"/>
  <testcase classname="test_cases.SmokeTest" name="login" time="0.0">
    <ignored/>
  </testcase> <!-- login -->
  <testcase classname="test_cases.SmokeTest" name="pageLinks" time="0.0">
    <ignored/>
  </testcase> <!-- pageLinks -->
  <testcase classname="test_cases.SmokeTest" name="contactUs" time="0.0">
    <ignored/>
  </testcase> <!-- contactUs -->
</testsuite> <!-- Default test -->
