<?xml version="1.0" encoding="UTF-8"?>
<!-- Generated by org.testng.reporters.JUnitXMLReporter -->
<testsuite ignored="0" hostname="DESKTOP-CANTE29" failures="1" tests="4" name="Smoke Tests" time="54.175" errors="0" timestamp="2022-03-08T10:22:35 EST">
  <testcase classname="test_cases.SmokeTest" name="signup" time="8.866"/>
  <testcase classname="test_cases.SmokeTest" name="login" time="2.732"/>
  <testcase classname="test_cases.SmokeTest" name="contactUs" time="5.103">
    <failure type="java.lang.AssertionError" message="expected [false] but found [true]">
      <![CDATA[java.lang.AssertionError: expected [false] but found [true]
at test_cases.SmokeTest.contactUs(SmokeTest.java:141)
at java.base/java.util.ArrayList.forEach(ArrayList.java:1511)
... Removed 31 stack frames]]>
    </failure>
  </testcase> <!-- contactUs -->
  <testcase classname="test_cases.SmokeTest" name="pageLinks" time="21.023"/>
</testsuite> <!-- Smoke Tests -->
